# JRE version: OpenJDK Runtime Environment Temurin-17.0.11+9 (17.0.11+9) (build 17.0.11+9)
# Java VM: OpenJDK 64-Bit Server VM Temurin-17.0.11+9 (17.0.11+9, mixed mode, tiered, compressed oops, compressed class ptrs, parallel gc, windows-amd64)
GC Precious Log:
 CPUs: 8 total, 8 available
 Memory: 7926M
 Large Page Support: Disabled
 NUMA Support: Disabled
 Compressed Oops: Enabled (32-bit)
 Alignments: Space 512K, Generation 512K, Heap 2M
 Heap Min Capacity: 100M
 Heap Initial Capacity: 100M
 Heap Max Capacity: 1G
 Pre-touch: Disabled
 Parallel Workers: 8
Heap:
 PSYoungGen      total 6144K, used 3838K [0x00000000eab00000, 0x00000000eb380000, 0x0000000100000000)
  eden space 5120K, 54% used [0x00000000eab00000,0x00000000eadbfe98,0x00000000eb000000)
  from space 1024K, 99% used [0x00000000eb000000,0x00000000eb0ffb10,0x00000000eb100000)
  to   space 1536K, 0% used [0x00000000eb200000,0x00000000eb200000,0x00000000eb380000)
 ParOldGen       total 149504K, used 137654K [0x00000000c0000000, 0x00000000c9200000, 0x00000000eab00000)
  object space 149504K, 92% used [0x00000000c0000000,0x00000000c866d820,0x00000000c9200000)
 Metaspace       used 87292K, committed 88704K, reserved 1179648K
  class space    used 8968K, committed 9600K, reserved 1048576K
GC Heap History (20 events):
Event: 357.641 GC heap before
{Heap before GC invocations=745 (full 25):
 PSYoungGen      total 3072K, used 2400K [0x00000000eab00000, 0x00000000eae80000, 0x0000000100000000)
  eden space 2048K, 100% used [0x00000000eab00000,0x00000000ead00000,0x00000000ead00000)
  from space 1024K, 34% used [0x00000000ead00000,0x00000000ead58000,0x00000000eae00000)
  to   space 512K, 0% used [0x00000000eae00000,0x00000000eae00000,0x00000000eae80000)
 ParOldGen       total 149504K, used 135032K [0x00000000c0000000, 0x00000000c9200000, 0x00000000eab00000)
  object space 149504K, 90% used [0x00000000c0000000,0x00000000c83de0f0,0x00000000c9200000)
 Metaspace       used 87254K, committed 88640K, reserved 1179648K
  class space    used 8968K, committed 9600K, reserved 1048576K
}
Event: 357.643 GC heap after
{Heap after GC invocations=745 (full 25):
 PSYoungGen      total 3072K, used 378K [0x00000000eab00000, 0x00000000eae80000, 0x0000000100000000)
  eden space 2560K, 0% used [0x00000000eab00000,0x00000000eab00000,0x00000000ead80000)
  from space 512K, 73% used [0x00000000eae00000,0x00000000eae5e900,0x00000000eae80000)
  to   space 512K, 0% used [0x00000000ead80000,0x00000000ead80000,0x00000000eae00000)
 ParOldGen       total 149504K, used 135288K [0x00000000c0000000, 0x00000000c9200000, 0x00000000eab00000)
  object space 149504K, 90% used [0x00000000c0000000,0x00000000c841e0f0,0x00000000c9200000)
 Metaspace       used 87254K, committed 88640K, reserved 1179648K
  class space    used 8968K, committed 9600K, reserved 1048576K
}
Event: 357.646 GC heap before
{Heap before GC invocations=746 (full 25):
 PSYoungGen      total 3072K, used 2938K [0x00000000eab00000, 0x00000000eae80000, 0x0000000100000000)
  eden space 2560K, 100% used [0x00000000eab00000,0x00000000ead80000,0x00000000ead80000)
  from space 512K, 73% used [0x00000000eae00000,0x00000000eae5e900,0x00000000eae80000)
  to   space 512K, 0% used [0x00000000ead80000,0x00000000ead80000,0x00000000eae00000)
 ParOldGen       total 149504K, used 135288K [0x00000000c0000000, 0x00000000c9200000, 0x00000000eab00000)
  object space 149504K, 90% used [0x00000000c0000000,0x00000000c841e0f0,0x00000000c9200000)
 Metaspace       used 87266K, committed 88704K, reserved 1179648K
  class space    used 8968K, committed 9600K, reserved 1048576K
}
Event: 357.647 GC heap after
{Heap after GC invocations=746 (full 25):
 PSYoungGen      total 3072K, used 506K [0x00000000eab00000, 0x00000000eb000000, 0x0000000100000000)
  eden space 2560K, 0% used [0x00000000eab00000,0x00000000eab00000,0x00000000ead80000)
  from space 512K, 98% used [0x00000000ead80000,0x00000000eadfe900,0x00000000eae00000)
  to   space 1024K, 0% used [0x00000000eaf00000,0x00000000eaf00000,0x00000000eb000000)
 ParOldGen       total 149504K, used 135432K [0x00000000c0000000, 0x00000000c9200000, 0x00000000eab00000)
  object space 149504K, 90% used [0x00000000c0000000,0x00000000c84420f0,0x00000000c9200000)
 Metaspace       used 87266K, committed 88704K, reserved 1179648K
  class space    used 8968K, committed 9600K, reserved 1048576K
}
Event: 357.654 GC heap before
{Heap before GC invocations=747 (full 25):
 PSYoungGen      total 3072K, used 3066K [0x00000000eab00000, 0x00000000eb000000, 0x0000000100000000)
  eden space 2560K, 100% used [0x00000000eab00000,0x00000000ead80000,0x00000000ead80000)
  from space 512K, 98% used [0x00000000ead80000,0x00000000eadfe900,0x00000000eae00000)
  to   space 1024K, 0% used [0x00000000eaf00000,0x00000000eaf00000,0x00000000eb000000)
 ParOldGen       total 149504K, used 135432K [0x00000000c0000000, 0x00000000c9200000, 0x00000000eab00000)
  object space 149504K, 90% used [0x00000000c0000000,0x00000000c84420f0,0x00000000c9200000)
 Metaspace       used 87266K, committed 88704K, reserved 1179648K
  class space    used 8968K, committed 9600K, reserved 1048576K
}
Event: 357.655 GC heap after
{Heap after GC invocations=747 (full 25):
 PSYoungGen      total 3584K, used 416K [0x00000000eab00000, 0x00000000eaf80000, 0x0000000100000000)
  eden space 3072K, 0% used [0x00000000eab00000,0x00000000eab00000,0x00000000eae00000)
  from space 512K, 81% used [0x00000000eaf00000,0x00000000eaf68000,0x00000000eaf80000)
  to   space 512K, 0% used [0x00000000eae80000,0x00000000eae80000,0x00000000eaf00000)
 ParOldGen       total 149504K, used 135900K [0x00000000c0000000, 0x00000000c9200000, 0x00000000eab00000)
  object space 149504K, 90% used [0x00000000c0000000,0x00000000c84b70c8,0x00000000c9200000)
 Metaspace       used 87266K, committed 88704K, reserved 1179648K
  class space    used 8968K, committed 9600K, reserved 1048576K
}
Event: 357.664 GC heap before
{Heap before GC invocations=748 (full 25):
 PSYoungGen      total 3584K, used 3488K [0x00000000eab00000, 0x00000000eaf80000, 0x0000000100000000)
  eden space 3072K, 100% used [0x00000000eab00000,0x00000000eae00000,0x00000000eae00000)
  from space 512K, 81% used [0x00000000eaf00000,0x00000000eaf68000,0x00000000eaf80000)
  to   space 512K, 0% used [0x00000000eae80000,0x00000000eae80000,0x00000000eaf00000)
 ParOldGen       total 149504K, used 135900K [0x00000000c0000000, 0x00000000c9200000, 0x00000000eab00000)
  object space 149504K, 90% used [0x00000000c0000000,0x00000000c84b70c8,0x00000000c9200000)
 Metaspace       used 87268K, committed 88704K, reserved 1179648K
  class space    used 8968K, committed 9600K, reserved 1048576K
}
Event: 357.665 GC heap after
{Heap after GC invocations=748 (full 25):
 PSYoungGen      total 4096K, used 500K [0x00000000eab00000, 0x00000000eb200000, 0x0000000100000000)
  eden space 3584K, 0% used [0x00000000eab00000,0x00000000eab00000,0x00000000eae80000)
  from space 512K, 97% used [0x00000000eae80000,0x00000000eaefd200,0x00000000eaf00000)
  to   space 1536K, 0% used [0x00000000eb080000,0x00000000eb080000,0x00000000eb200000)
 ParOldGen       total 149504K, used 136476K [0x00000000c0000000, 0x00000000c9200000, 0x00000000eab00000)
  object space 149504K, 91% used [0x00000000c0000000,0x00000000c85470d8,0x00000000c9200000)
 Metaspace       used 87268K, committed 88704K, reserved 1179648K
  class space    used 8968K, committed 9600K, reserved 1048576K
}
Event: 357.675 GC heap before
{Heap before GC invocations=749 (full 25):
 PSYoungGen      total 4096K, used 4084K [0x00000000eab00000, 0x00000000eb200000, 0x0000000100000000)
  eden space 3584K, 100% used [0x00000000eab00000,0x00000000eae80000,0x00000000eae80000)
  from space 512K, 97% used [0x00000000eae80000,0x00000000eaefd200,0x00000000eaf00000)
  to   space 1536K, 0% used [0x00000000eb080000,0x00000000eb080000,0x00000000eb200000)
 ParOldGen       total 149504K, used 136476K [0x00000000c0000000, 0x00000000c9200000, 0x00000000eab00000)
  object space 149504K, 91% used [0x00000000c0000000,0x00000000c85470d8,0x00000000c9200000)
 Metaspace       used 87269K, committed 88704K, reserved 1179648K
  class space    used 8968K, committed 9600K, reserved 1048576K
}
Event: 357.677 GC heap after
{Heap after GC invocations=749 (full 25):
 PSYoungGen      total 5632K, used 608K [0x00000000eab00000, 0x00000000eb180000, 0x0000000100000000)
  eden space 4608K, 0% used [0x00000000eab00000,0x00000000eab00000,0x00000000eaf80000)
  from space 1024K, 59% used [0x00000000eb080000,0x00000000eb118000,0x00000000eb180000)
  to   space 1024K, 0% used [0x00000000eaf80000,0x00000000eaf80000,0x00000000eb080000)
 ParOldGen       total 149504K, used 136984K [0x00000000c0000000, 0x00000000c9200000, 0x00000000eab00000)
  object space 149504K, 91% used [0x00000000c0000000,0x00000000c85c60a0,0x00000000c9200000)
 Metaspace       used 87269K, committed 88704K, reserved 1179648K
  class space    used 8968K, committed 9600K, reserved 1048576K
}
Event: 359.076 GC heap before
{Heap before GC invocations=750 (full 25):
 PSYoungGen      total 5632K, used 5216K [0x00000000eab00000, 0x00000000eb180000, 0x0000000100000000)
  eden space 4608K, 100% used [0x00000000eab00000,0x00000000eaf80000,0x00000000eaf80000)
  from space 1024K, 59% used [0x00000000eb080000,0x00000000eb118000,0x00000000eb180000)
  to   space 1024K, 0% used [0x00000000eaf80000,0x00000000eaf80000,0x00000000eb080000)
 ParOldGen       total 149504K, used 136984K [0x00000000c0000000, 0x00000000c9200000, 0x00000000eab00000)
  object space 149504K, 91% used [0x00000000c0000000,0x00000000c85c60a0,0x00000000c9200000)
 Metaspace       used 87285K, committed 88704K, reserved 1179648K
  class space    used 8968K, committed 9600K, reserved 1048576K
}
Event: 359.078 GC heap after
{Heap after GC invocations=750 (full 25):
 PSYoungGen      total 5632K, used 484K [0x00000000eab00000, 0x00000000eb200000, 0x0000000100000000)
  eden space 4608K, 0% used [0x00000000eab00000,0x00000000eab00000,0x00000000eaf80000)
  from space 1024K, 47% used [0x00000000eaf80000,0x00000000eaff9210,0x00000000eb080000)
  to   space 1024K, 0% used [0x00000000eb100000,0x00000000eb100000,0x00000000eb200000)
 ParOldGen       total 149504K, used 137486K [0x00000000c0000000, 0x00000000c9200000, 0x00000000eab00000)
  object space 149504K, 91% used [0x00000000c0000000,0x00000000c8643820,0x00000000c9200000)
 Metaspace       used 87285K, committed 88704K, reserved 1179648K
  class space    used 8968K, committed 9600K, reserved 1048576K
}
Event: 359.091 GC heap before
{Heap before GC invocations=751 (full 25):
 PSYoungGen      total 5632K, used 5092K [0x00000000eab00000, 0x00000000eb200000, 0x0000000100000000)
  eden space 4608K, 100% used [0x00000000eab00000,0x00000000eaf80000,0x00000000eaf80000)
  from space 1024K, 47% used [0x00000000eaf80000,0x00000000eaff9210,0x00000000eb080000)
  to   space 1024K, 0% used [0x00000000eb100000,0x00000000eb100000,0x00000000eb200000)
 ParOldGen       total 149504K, used 137486K [0x00000000c0000000, 0x00000000c9200000, 0x00000000eab00000)
  object space 149504K, 91% used [0x00000000c0000000,0x00000000c8643820,0x00000000c9200000)
 Metaspace       used 87286K, committed 88704K, reserved 1179648K
  class space    used 8968K, committed 9600K, reserved 1048576K
}
Event: 359.092 GC heap after
{Heap after GC invocations=751 (full 25):
 PSYoungGen      total 5632K, used 260K [0x00000000eab00000, 0x00000000eb180000, 0x0000000100000000)
  eden space 5120K, 0% used [0x00000000eab00000,0x00000000eab00000,0x00000000eb000000)
  from space 512K, 50% used [0x00000000eb100000,0x00000000eb141210,0x00000000eb180000)
  to   space 512K, 0% used [0x00000000eb080000,0x00000000eb080000,0x00000000eb100000)
 ParOldGen       total 149504K, used 137486K [0x00000000c0000000, 0x00000000c9200000, 0x00000000eab00000)
  object space 149504K, 91% used [0x00000000c0000000,0x00000000c8643820,0x00000000c9200000)
 Metaspace       used 87286K, committed 88704K, reserved 1179648K
  class space    used 8968K, committed 9600K, reserved 1048576K
}
Event: 359.574 GC heap before
{Heap before GC invocations=752 (full 25):
 PSYoungGen      total 5632K, used 5380K [0x00000000eab00000, 0x00000000eb180000, 0x0000000100000000)
  eden space 5120K, 100% used [0x00000000eab00000,0x00000000eb000000,0x00000000eb000000)
  from space 512K, 50% used [0x00000000eb100000,0x00000000eb141210,0x00000000eb180000)
  to   space 512K, 0% used [0x00000000eb080000,0x00000000eb080000,0x00000000eb100000)
 ParOldGen       total 149504K, used 137486K [0x00000000c0000000, 0x00000000c9200000, 0x00000000eab00000)
  object space 149504K, 91% used [0x00000000c0000000,0x00000000c8643820,0x00000000c9200000)
 Metaspace       used 87287K, committed 88704K, reserved 1179648K
  class space    used 8968K, committed 9600K, reserved 1048576K
}
Event: 359.575 GC heap after
{Heap after GC invocations=752 (full 25):
 PSYoungGen      total 6144K, used 160K [0x00000000eab00000, 0x00000000eb180000, 0x0000000100000000)
  eden space 5632K, 0% used [0x00000000eab00000,0x00000000eab00000,0x00000000eb080000)
  from space 512K, 31% used [0x00000000eb080000,0x00000000eb0a8000,0x00000000eb100000)
  to   space 512K, 0% used [0x00000000eb100000,0x00000000eb100000,0x00000000eb180000)
 ParOldGen       total 149504K, used 137486K [0x00000000c0000000, 0x00000000c9200000, 0x00000000eab00000)
  object space 149504K, 91% used [0x00000000c0000000,0x00000000c8643820,0x00000000c9200000)
 Metaspace       used 87287K, committed 88704K, reserved 1179648K
  class space    used 8968K, committed 9600K, reserved 1048576K
}
Event: 360.897 GC heap before
{Heap before GC invocations=753 (full 25):
 PSYoungGen      total 6144K, used 5792K [0x00000000eab00000, 0x00000000eb180000, 0x0000000100000000)
  eden space 5632K, 100% used [0x00000000eab00000,0x00000000eb080000,0x00000000eb080000)
  from space 512K, 31% used [0x00000000eb080000,0x00000000eb0a8000,0x00000000eb100000)
  to   space 512K, 0% used [0x00000000eb100000,0x00000000eb100000,0x00000000eb180000)
 ParOldGen       total 149504K, used 137486K [0x00000000c0000000, 0x00000000c9200000, 0x00000000eab00000)
  object space 149504K, 91% used [0x00000000c0000000,0x00000000c8643820,0x00000000c9200000)
 Metaspace       used 87291K, committed 88704K, reserved 1179648K
  class space    used 8968K, committed 9600K, reserved 1048576K
}
Event: 360.898 GC heap after
{Heap after GC invocations=753 (full 25):
 PSYoungGen      total 5632K, used 506K [0x00000000eab00000, 0x00000000eb300000, 0x0000000100000000)
  eden space 5120K, 0% used [0x00000000eab00000,0x00000000eab00000,0x00000000eb000000)
  from space 512K, 98% used [0x00000000eb100000,0x00000000eb17e900,0x00000000eb180000)
  to   space 1024K, 0% used [0x00000000eb000000,0x00000000eb000000,0x00000000eb100000)
 ParOldGen       total 149504K, used 137534K [0x00000000c0000000, 0x00000000c9200000, 0x00000000eab00000)
  object space 149504K, 91% used [0x00000000c0000000,0x00000000c864f820,0x00000000c9200000)
 Metaspace       used 87291K, committed 88704K, reserved 1179648K
  class space    used 8968K, committed 9600K, reserved 1048576K
}
Event: 360.920 GC heap before
{Heap before GC invocations=754 (full 25):
 PSYoungGen      total 5632K, used 5626K [0x00000000eab00000, 0x00000000eb300000, 0x0000000100000000)
  eden space 5120K, 100% used [0x00000000eab00000,0x00000000eb000000,0x00000000eb000000)
  from space 512K, 98% used [0x00000000eb100000,0x00000000eb17e900,0x00000000eb180000)
  to   space 1024K, 0% used [0x00000000eb000000,0x00000000eb000000,0x00000000eb100000)
 ParOldGen       total 149504K, used 137534K [0x00000000c0000000, 0x00000000c9200000, 0x00000000eab00000)
  object space 149504K, 91% used [0x00000000c0000000,0x00000000c864f820,0x00000000c9200000)
 Metaspace       used 87291K, committed 88704K, reserved 1179648K
  class space    used 8968K, committed 9600K, reserved 1048576K
}
Event: 360.922 GC heap after
{Heap after GC invocations=754 (full 25):
 PSYoungGen      total 6144K, used 1022K [0x00000000eab00000, 0x00000000eb380000, 0x0000000100000000)
  eden space 5120K, 0% used [0x00000000eab00000,0x00000000eab00000,0x00000000eb000000)
  from space 1024K, 99% used [0x00000000eb000000,0x00000000eb0ffb10,0x00000000eb100000)
  to   space 1536K, 0% used [0x00000000eb200000,0x00000000eb200000,0x00000000eb380000)
 ParOldGen       total 149504K, used 137654K [0x00000000c0000000, 0x00000000c9200000, 0x00000000eab00000)
  object space 149504K, 92% used [0x00000000c0000000,0x00000000c866d820,0x00000000c9200000)
 Metaspace       used 87291K, committed 88704K, reserved 1179648K
  class space    used 8968K, committed 9600K, reserved 1048576K
}

