# JRE version: OpenJDK Runtime Environment Temurin-17.0.11+9 (17.0.11+9) (build 17.0.11+9)
# Java VM: OpenJDK 64-Bit Server VM Temurin-17.0.11+9 (17.0.11+9, mixed mode, tiered, compressed oops, compressed class ptrs, parallel gc, windows-amd64)
GC Precious Log:
 CPUs: 8 total, 8 available
 Memory: 7926M
 Large Page Support: Disabled
 NUMA Support: Disabled
 Compressed Oops: Enabled (32-bit)
 Alignments: Space 512K, Generation 512K, Heap 2M
 Heap Min Capacity: 100M
 Heap Initial Capacity: 100M
 Heap Max Capacity: 1G
 Pre-touch: Disabled
 Parallel Workers: 8
Heap:
 PSYoungGen      total 5120K, used 4490K [0x00000000eab00000, 0x00000000eb100000, 0x0000000100000000)
  eden space 4096K, 93% used [0x00000000eab00000,0x00000000eaebd840,0x00000000eaf00000)
  from space 1024K, 64% used [0x00000000eb000000,0x00000000eb0a5200,0x00000000eb100000)
  to   space 1024K, 0% used [0x00000000eaf00000,0x00000000eaf00000,0x00000000eb000000)
 ParOldGen       total 89600K, used 64160K [0x00000000c0000000, 0x00000000c5780000, 0x00000000eab00000)
  object space 89600K, 71% used [0x00000000c0000000,0x00000000c3ea8170,0x00000000c5780000)
 Metaspace       used 82846K, committed 84160K, reserved 1179648K
  class space    used 8472K, committed 9024K, reserved 1048576K
GC Heap History (20 events):
Event: 68.162 GC heap before
{Heap before GC invocations=391 (full 12):
 PSYoungGen      total 3584K, used 2560K [0x00000000eab00000, 0x00000000eaf80000, 0x0000000100000000)
  eden space 2048K, 100% used [0x00000000eab00000,0x00000000ead00000,0x00000000ead00000)
  from space 1536K, 33% used [0x00000000ead00000,0x00000000ead80000,0x00000000eae80000)
  to   space 1024K, 0% used [0x00000000eae80000,0x00000000eae80000,0x00000000eaf80000)
 ParOldGen       total 94208K, used 91001K [0x00000000c0000000, 0x00000000c5c00000, 0x00000000eab00000)
  object space 94208K, 96% used [0x00000000c0000000,0x00000000c58de520,0x00000000c5c00000)
 Metaspace       used 82749K, committed 84032K, reserved 1179648K
  class space    used 8472K, committed 9024K, reserved 1048576K
}
Event: 68.163 GC heap after
{Heap after GC invocations=391 (full 12):
 PSYoungGen      total 3072K, used 416K [0x00000000eab00000, 0x00000000eaf00000, 0x0000000100000000)
  eden space 2560K, 0% used [0x00000000eab00000,0x00000000eab00000,0x00000000ead80000)
  from space 512K, 81% used [0x00000000eae80000,0x00000000eaee8000,0x00000000eaf00000)
  to   space 512K, 0% used [0x00000000eae00000,0x00000000eae00000,0x00000000eae80000)
 ParOldGen       total 94208K, used 91409K [0x00000000c0000000, 0x00000000c5c00000, 0x00000000eab00000)
  object space 94208K, 97% used [0x00000000c0000000,0x00000000c5944520,0x00000000c5c00000)
 Metaspace       used 82749K, committed 84032K, reserved 1179648K
  class space    used 8472K, committed 9024K, reserved 1048576K
}
Event: 68.171 GC heap before
{Heap before GC invocations=392 (full 12):
 PSYoungGen      total 3072K, used 2976K [0x00000000eab00000, 0x00000000eaf00000, 0x0000000100000000)
  eden space 2560K, 100% used [0x00000000eab00000,0x00000000ead80000,0x00000000ead80000)
  from space 512K, 81% used [0x00000000eae80000,0x00000000eaee8000,0x00000000eaf00000)
  to   space 512K, 0% used [0x00000000eae00000,0x00000000eae00000,0x00000000eae80000)
 ParOldGen       total 94208K, used 91409K [0x00000000c0000000, 0x00000000c5c00000, 0x00000000eab00000)
  object space 94208K, 97% used [0x00000000c0000000,0x00000000c5944520,0x00000000c5c00000)
 Metaspace       used 82749K, committed 84032K, reserved 1179648K
  class space    used 8472K, committed 9024K, reserved 1048576K
}
Event: 68.172 GC heap after
{Heap after GC invocations=392 (full 12):
 PSYoungGen      total 3584K, used 436K [0x00000000eab00000, 0x00000000eaf00000, 0x0000000100000000)
  eden space 3072K, 0% used [0x00000000eab00000,0x00000000eab00000,0x00000000eae00000)
  from space 512K, 85% used [0x00000000eae00000,0x00000000eae6d200,0x00000000eae80000)
  to   space 512K, 0% used [0x00000000eae80000,0x00000000eae80000,0x00000000eaf00000)
 ParOldGen       total 94208K, used 91665K [0x00000000c0000000, 0x00000000c5c00000, 0x00000000eab00000)
  object space 94208K, 97% used [0x00000000c0000000,0x00000000c5984520,0x00000000c5c00000)
 Metaspace       used 82749K, committed 84032K, reserved 1179648K
  class space    used 8472K, committed 9024K, reserved 1048576K
}
Event: 68.180 GC heap before
{Heap before GC invocations=393 (full 12):
 PSYoungGen      total 3584K, used 3508K [0x00000000eab00000, 0x00000000eaf00000, 0x0000000100000000)
  eden space 3072K, 100% used [0x00000000eab00000,0x00000000eae00000,0x00000000eae00000)
  from space 512K, 85% used [0x00000000eae00000,0x00000000eae6d200,0x00000000eae80000)
  to   space 512K, 0% used [0x00000000eae80000,0x00000000eae80000,0x00000000eaf00000)
 ParOldGen       total 94208K, used 91665K [0x00000000c0000000, 0x00000000c5c00000, 0x00000000eab00000)
  object space 94208K, 97% used [0x00000000c0000000,0x00000000c5984520,0x00000000c5c00000)
 Metaspace       used 82803K, committed 84096K, reserved 1179648K
  class space    used 8472K, committed 9024K, reserved 1048576K
}
Event: 68.181 GC heap after
{Heap after GC invocations=393 (full 12):
 PSYoungGen      total 3072K, used 512K [0x00000000eab00000, 0x00000000eb100000, 0x0000000100000000)
  eden space 2560K, 0% used [0x00000000eab00000,0x00000000eab00000,0x00000000ead80000)
  from space 512K, 100% used [0x00000000eae80000,0x00000000eaf00000,0x00000000eaf00000)
  to   space 1024K, 0% used [0x00000000ead80000,0x00000000ead80000,0x00000000eae80000)
 ParOldGen       total 94208K, used 91893K [0x00000000c0000000, 0x00000000c5c00000, 0x00000000eab00000)
  object space 94208K, 97% used [0x00000000c0000000,0x00000000c59bd720,0x00000000c5c00000)
 Metaspace       used 82803K, committed 84096K, reserved 1179648K
  class space    used 8472K, committed 9024K, reserved 1048576K
}
Event: 68.189 GC heap before
{Heap before GC invocations=394 (full 12):
 PSYoungGen      total 3072K, used 3072K [0x00000000eab00000, 0x00000000eb100000, 0x0000000100000000)
  eden space 2560K, 100% used [0x00000000eab00000,0x00000000ead80000,0x00000000ead80000)
  from space 512K, 100% used [0x00000000eae80000,0x00000000eaf00000,0x00000000eaf00000)
  to   space 1024K, 0% used [0x00000000ead80000,0x00000000ead80000,0x00000000eae80000)
 ParOldGen       total 94208K, used 91893K [0x00000000c0000000, 0x00000000c5c00000, 0x00000000eab00000)
  object space 94208K, 97% used [0x00000000c0000000,0x00000000c59bd720,0x00000000c5c00000)
 Metaspace       used 82803K, committed 84096K, reserved 1179648K
  class space    used 8472K, committed 9024K, reserved 1048576K
}
Event: 68.190 GC heap after
{Heap after GC invocations=394 (full 12):
 PSYoungGen      total 3584K, used 448K [0x00000000eab00000, 0x00000000eb000000, 0x0000000100000000)
  eden space 2560K, 0% used [0x00000000eab00000,0x00000000eab00000,0x00000000ead80000)
  from space 1024K, 43% used [0x00000000ead80000,0x00000000eadf0000,0x00000000eae80000)
  to   space 1024K, 0% used [0x00000000eaf00000,0x00000000eaf00000,0x00000000eb000000)
 ParOldGen       total 94208K, used 92389K [0x00000000c0000000, 0x00000000c5c00000, 0x00000000eab00000)
  object space 94208K, 98% used [0x00000000c0000000,0x00000000c5a394f8,0x00000000c5c00000)
 Metaspace       used 82803K, committed 84096K, reserved 1179648K
  class space    used 8472K, committed 9024K, reserved 1048576K
}
Event: 68.199 GC heap before
{Heap before GC invocations=395 (full 12):
 PSYoungGen      total 3584K, used 3008K [0x00000000eab00000, 0x00000000eb000000, 0x0000000100000000)
  eden space 2560K, 100% used [0x00000000eab00000,0x00000000ead80000,0x00000000ead80000)
  from space 1024K, 43% used [0x00000000ead80000,0x00000000eadf0000,0x00000000eae80000)
  to   space 1024K, 0% used [0x00000000eaf00000,0x00000000eaf00000,0x00000000eb000000)
 ParOldGen       total 94208K, used 92389K [0x00000000c0000000, 0x00000000c5c00000, 0x00000000eab00000)
  object space 94208K, 98% used [0x00000000c0000000,0x00000000c5a394f8,0x00000000c5c00000)
 Metaspace       used 82818K, committed 84160K, reserved 1179648K
  class space    used 8472K, committed 9024K, reserved 1048576K
}
Event: 68.201 GC heap after
{Heap after GC invocations=395 (full 12):
 PSYoungGen      total 4096K, used 836K [0x00000000eab00000, 0x00000000eb000000, 0x0000000100000000)
  eden space 3072K, 0% used [0x00000000eab00000,0x00000000eab00000,0x00000000eae00000)
  from space 1024K, 81% used [0x00000000eaf00000,0x00000000eafd1210,0x00000000eb000000)
  to   space 1024K, 0% used [0x00000000eae00000,0x00000000eae00000,0x00000000eaf00000)
 ParOldGen       total 94208K, used 92685K [0x00000000c0000000, 0x00000000c5c00000, 0x00000000eab00000)
  object space 94208K, 98% used [0x00000000c0000000,0x00000000c5a834f8,0x00000000c5c00000)
 Metaspace       used 82818K, committed 84160K, reserved 1179648K
  class space    used 8472K, committed 9024K, reserved 1048576K
}
Event: 68.210 GC heap before
{Heap before GC invocations=396 (full 12):
 PSYoungGen      total 4096K, used 3908K [0x00000000eab00000, 0x00000000eb000000, 0x0000000100000000)
  eden space 3072K, 100% used [0x00000000eab00000,0x00000000eae00000,0x00000000eae00000)
  from space 1024K, 81% used [0x00000000eaf00000,0x00000000eafd1210,0x00000000eb000000)
  to   space 1024K, 0% used [0x00000000eae00000,0x00000000eae00000,0x00000000eaf00000)
 ParOldGen       total 94208K, used 92685K [0x00000000c0000000, 0x00000000c5c00000, 0x00000000eab00000)
  object space 94208K, 98% used [0x00000000c0000000,0x00000000c5a834f8,0x00000000c5c00000)
 Metaspace       used 82818K, committed 84160K, reserved 1179648K
  class space    used 8472K, committed 9024K, reserved 1048576K
}
Event: 68.212 GC heap after
{Heap after GC invocations=396 (full 12):
 PSYoungGen      total 4096K, used 416K [0x00000000eab00000, 0x00000000eb100000, 0x0000000100000000)
  eden space 3072K, 0% used [0x00000000eab00000,0x00000000eab00000,0x00000000eae00000)
  from space 1024K, 40% used [0x00000000eae00000,0x00000000eae68000,0x00000000eaf00000)
  to   space 1024K, 0% used [0x00000000eb000000,0x00000000eb000000,0x00000000eb100000)
 ParOldGen       total 94208K, used 93427K [0x00000000c0000000, 0x00000000c5c00000, 0x00000000eab00000)
  object space 94208K, 99% used [0x00000000c0000000,0x00000000c5b3ced0,0x00000000c5c00000)
 Metaspace       used 82818K, committed 84160K, reserved 1179648K
  class space    used 8472K, committed 9024K, reserved 1048576K
}
Event: 68.212 GC heap before
{Heap before GC invocations=397 (full 13):
 PSYoungGen      total 4096K, used 416K [0x00000000eab00000, 0x00000000eb100000, 0x0000000100000000)
  eden space 3072K, 0% used [0x00000000eab00000,0x00000000eab00000,0x00000000eae00000)
  from space 1024K, 40% used [0x00000000eae00000,0x00000000eae68000,0x00000000eaf00000)
  to   space 1024K, 0% used [0x00000000eb000000,0x00000000eb000000,0x00000000eb100000)
 ParOldGen       total 94208K, used 93427K [0x00000000c0000000, 0x00000000c5c00000, 0x00000000eab00000)
  object space 94208K, 99% used [0x00000000c0000000,0x00000000c5b3ced0,0x00000000c5c00000)
 Metaspace       used 82818K, committed 84160K, reserved 1179648K
  class space    used 8472K, committed 9024K, reserved 1048576K
}
Event: 68.275 GC heap after
{Heap after GC invocations=397 (full 13):
 PSYoungGen      total 5120K, used 0K [0x00000000eab00000, 0x00000000eb100000, 0x0000000100000000)
  eden space 4096K, 0% used [0x00000000eab00000,0x00000000eab00000,0x00000000eaf00000)
  from space 1024K, 0% used [0x00000000eb000000,0x00000000eb000000,0x00000000eb100000)
  to   space 1024K, 0% used [0x00000000eaf00000,0x00000000eaf00000,0x00000000eb000000)
 ParOldGen       total 89600K, used 62352K [0x00000000c0000000, 0x00000000c5780000, 0x00000000eab00000)
  object space 89600K, 69% used [0x00000000c0000000,0x00000000c3ce4048,0x00000000c5780000)
 Metaspace       used 82818K, committed 84160K, reserved 1179648K
  class space    used 8472K, committed 9024K, reserved 1048576K
}
Event: 77.014 GC heap before
{Heap before GC invocations=398 (full 13):
 PSYoungGen      total 5120K, used 4096K [0x00000000eab00000, 0x00000000eb100000, 0x0000000100000000)
  eden space 4096K, 100% used [0x00000000eab00000,0x00000000eaf00000,0x00000000eaf00000)
  from space 1024K, 0% used [0x00000000eb000000,0x00000000eb000000,0x00000000eb100000)
  to   space 1024K, 0% used [0x00000000eaf00000,0x00000000eaf00000,0x00000000eb000000)
 ParOldGen       total 89600K, used 62352K [0x00000000c0000000, 0x00000000c5780000, 0x00000000eab00000)
  object space 89600K, 69% used [0x00000000c0000000,0x00000000c3ce4048,0x00000000c5780000)
 Metaspace       used 82834K, committed 84160K, reserved 1179648K
  class space    used 8472K, committed 9024K, reserved 1048576K
}
Event: 77.015 GC heap after
{Heap after GC invocations=398 (full 13):
 PSYoungGen      total 5120K, used 1012K [0x00000000eab00000, 0x00000000eb200000, 0x0000000100000000)
  eden space 4096K, 0% used [0x00000000eab00000,0x00000000eab00000,0x00000000eaf00000)
  from space 1024K, 98% used [0x00000000eaf00000,0x00000000eaffd220,0x00000000eb000000)
  to   space 1536K, 0% used [0x00000000eb080000,0x00000000eb080000,0x00000000eb200000)
 ParOldGen       total 89600K, used 62360K [0x00000000c0000000, 0x00000000c5780000, 0x00000000eab00000)
  object space 89600K, 69% used [0x00000000c0000000,0x00000000c3ce6048,0x00000000c5780000)
 Metaspace       used 82834K, committed 84160K, reserved 1179648K
  class space    used 8472K, committed 9024K, reserved 1048576K
}
Event: 79.067 GC heap before
{Heap before GC invocations=399 (full 13):
 PSYoungGen      total 5120K, used 5108K [0x00000000eab00000, 0x00000000eb200000, 0x0000000100000000)
  eden space 4096K, 100% used [0x00000000eab00000,0x00000000eaf00000,0x00000000eaf00000)
  from space 1024K, 98% used [0x00000000eaf00000,0x00000000eaffd220,0x00000000eb000000)
  to   space 1536K, 0% used [0x00000000eb080000,0x00000000eb080000,0x00000000eb200000)
 ParOldGen       total 89600K, used 62360K [0x00000000c0000000, 0x00000000c5780000, 0x00000000eab00000)
  object space 89600K, 69% used [0x00000000c0000000,0x00000000c3ce6048,0x00000000c5780000)
 Metaspace       used 82839K, committed 84160K, reserved 1179648K
  class space    used 8472K, committed 9024K, reserved 1048576K
}
Event: 79.069 GC heap after
{Heap after GC invocations=399 (full 13):
 PSYoungGen      total 4608K, used 416K [0x00000000eab00000, 0x00000000eb100000, 0x0000000100000000)
  eden space 4096K, 0% used [0x00000000eab00000,0x00000000eab00000,0x00000000eaf00000)
  from space 512K, 81% used [0x00000000eb080000,0x00000000eb0e8000,0x00000000eb100000)
  to   space 1024K, 0% used [0x00000000eaf00000,0x00000000eaf00000,0x00000000eb000000)
 ParOldGen       total 89600K, used 63285K [0x00000000c0000000, 0x00000000c5780000, 0x00000000eab00000)
  object space 89600K, 70% used [0x00000000c0000000,0x00000000c3dcd7d0,0x00000000c5780000)
 Metaspace       used 82839K, committed 84160K, reserved 1179648K
  class space    used 8472K, committed 9024K, reserved 1048576K
}
Event: 79.084 GC heap before
{Heap before GC invocations=400 (full 13):
 PSYoungGen      total 4608K, used 4511K [0x00000000eab00000, 0x00000000eb100000, 0x0000000100000000)
  eden space 4096K, 99% used [0x00000000eab00000,0x00000000eaeffff0,0x00000000eaf00000)
  from space 512K, 81% used [0x00000000eb080000,0x00000000eb0e8000,0x00000000eb100000)
  to   space 1024K, 0% used [0x00000000eaf00000,0x00000000eaf00000,0x00000000eb000000)
 ParOldGen       total 89600K, used 63285K [0x00000000c0000000, 0x00000000c5780000, 0x00000000eab00000)
  object space 89600K, 70% used [0x00000000c0000000,0x00000000c3dcd7d0,0x00000000c5780000)
 Metaspace       used 82839K, committed 84160K, reserved 1179648K
  class space    used 8472K, committed 9024K, reserved 1048576K
}
Event: 79.085 GC heap after
{Heap after GC invocations=400 (full 13):
 PSYoungGen      total 5120K, used 698K [0x00000000eab00000, 0x00000000eb100000, 0x0000000100000000)
  eden space 4096K, 0% used [0x00000000eab00000,0x00000000eab00000,0x00000000eaf00000)
  from space 1024K, 68% used [0x00000000eaf00000,0x00000000eafae900,0x00000000eb000000)
  to   space 1024K, 0% used [0x00000000eb000000,0x00000000eb000000,0x00000000eb100000)
 ParOldGen       total 89600K, used 63627K [0x00000000c0000000, 0x00000000c5780000, 0x00000000eab00000)
  object space 89600K, 71% used [0x00000000c0000000,0x00000000c3e22f50,0x00000000c5780000)
 Metaspace       used 82839K, committed 84160K, reserved 1179648K
  class space    used 8472K, committed 9024K, reserved 1048576K
}

