# JRE version: Java(TM) SE Runtime Environment (17.0.7+8) (build 17.0.7+8-LTS-224)
# Java VM: Java HotSpot(TM) 64-Bit Server VM (17.0.7+8-LTS-224, mixed mode, sharing, tiered, compressed oops, compressed class ptrs, g1 gc, windows-amd64)
GC Precious Log:
 CPUs: 8 total, 8 available
 Memory: 7926M
 Large Page Support: Disabled
 NUMA Support: Disabled
 Compressed Oops: Enabled (32-bit)
 Heap Region Size: 1M
 Heap Min Capacity: 8M
 Heap Initial Capacity: 124M
 Heap Max Capacity: 1982M
 Pre-touch: Disabled
 Parallel Workers: 8
 Concurrent Workers: 2
 Concurrent Refinement Workers: 8
 Periodic GC: Disabled
Heap:
 garbage-first heap   total 61440K, used 40946K [0x0000000084200000, 0x0000000100000000)
  region size 1024K, 16 young (16384K), 3 survivors (3072K)
 Metaspace       used 62578K, committed 63104K, reserved 1105920K
  class space    used 8562K, committed 8832K, reserved 1048576K
GC Heap History (20 events):
Event: 4.459 GC heap before
{Heap before GC invocations=5 (full 0):
 garbage-first heap   total 51200K, used 35586K [0x0000000084200000, 0x0000000100000000)
  region size 1024K, 22 young (22528K), 3 survivors (3072K)
 Metaspace       used 28555K, committed 28928K, reserved 1081344K
  class space    used 3599K, committed 3776K, reserved 1048576K
}
Event: 4.463 GC heap after
{Heap after GC invocations=6 (full 0):
 garbage-first heap   total 51200K, used 17935K [0x0000000084200000, 0x0000000100000000)
  region size 1024K, 2 young (2048K), 2 survivors (2048K)
 Metaspace       used 28555K, committed 28928K, reserved 1081344K
  class space    used 3599K, committed 3776K, reserved 1048576K
}
Event: 5.003 GC heap before
{Heap before GC invocations=6 (full 0):
 garbage-first heap   total 51200K, used 37391K [0x0000000084200000, 0x0000000100000000)
  region size 1024K, 21 young (21504K), 2 survivors (2048K)
 Metaspace       used 31899K, committed 32320K, reserved 1081344K
  class space    used 4067K, committed 4288K, reserved 1048576K
}
Event: 5.007 GC heap after
{Heap after GC invocations=7 (full 0):
 garbage-first heap   total 51200K, used 19334K [0x0000000084200000, 0x0000000100000000)
  region size 1024K, 2 young (2048K), 2 survivors (2048K)
 Metaspace       used 31899K, committed 32320K, reserved 1081344K
  class space    used 4067K, committed 4288K, reserved 1048576K
}
Event: 5.267 GC heap before
{Heap before GC invocations=7 (full 0):
 garbage-first heap   total 51200K, used 32646K [0x0000000084200000, 0x0000000100000000)
  region size 1024K, 17 young (17408K), 2 survivors (2048K)
 Metaspace       used 35510K, committed 35968K, reserved 1081344K
  class space    used 4680K, committed 4928K, reserved 1048576K
}
Event: 5.269 GC heap after
{Heap after GC invocations=8 (full 0):
 garbage-first heap   total 51200K, used 19908K [0x0000000084200000, 0x0000000100000000)
  region size 1024K, 2 young (2048K), 2 survivors (2048K)
 Metaspace       used 35510K, committed 35968K, reserved 1081344K
  class space    used 4680K, committed 4928K, reserved 1048576K
}
Event: 5.844 GC heap before
{Heap before GC invocations=9 (full 0):
 garbage-first heap   total 51200K, used 39364K [0x0000000084200000, 0x0000000100000000)
  region size 1024K, 21 young (21504K), 2 survivors (2048K)
 Metaspace       used 41213K, committed 41600K, reserved 1089536K
  class space    used 5430K, committed 5632K, reserved 1048576K
}
Event: 5.848 GC heap after
{Heap after GC invocations=10 (full 0):
 garbage-first heap   total 51200K, used 21806K [0x0000000084200000, 0x0000000100000000)
  region size 1024K, 3 young (3072K), 3 survivors (3072K)
 Metaspace       used 41213K, committed 41600K, reserved 1089536K
  class space    used 5430K, committed 5632K, reserved 1048576K
}
Event: 6.189 GC heap before
{Heap before GC invocations=10 (full 0):
 garbage-first heap   total 51200K, used 38190K [0x0000000084200000, 0x0000000100000000)
  region size 1024K, 20 young (20480K), 3 survivors (3072K)
 Metaspace       used 45279K, committed 45696K, reserved 1089536K
  class space    used 5928K, committed 6144K, reserved 1048576K
}
Event: 6.193 GC heap after
{Heap after GC invocations=11 (full 0):
 garbage-first heap   total 51200K, used 23015K [0x0000000084200000, 0x0000000100000000)
  region size 1024K, 2 young (2048K), 2 survivors (2048K)
 Metaspace       used 45279K, committed 45696K, reserved 1089536K
  class space    used 5928K, committed 6144K, reserved 1048576K
}
Event: 6.584 GC heap before
{Heap before GC invocations=11 (full 0):
 garbage-first heap   total 51200K, used 38375K [0x0000000084200000, 0x0000000100000000)
  region size 1024K, 18 young (18432K), 2 survivors (2048K)
 Metaspace       used 50389K, committed 50880K, reserved 1097728K
  class space    used 6805K, committed 7040K, reserved 1048576K
}
Event: 6.586 GC heap after
{Heap after GC invocations=12 (full 0):
 garbage-first heap   total 51200K, used 23625K [0x0000000084200000, 0x0000000100000000)
  region size 1024K, 2 young (2048K), 2 survivors (2048K)
 Metaspace       used 50389K, committed 50880K, reserved 1097728K
  class space    used 6805K, committed 7040K, reserved 1048576K
}
Event: 7.000 GC heap before
{Heap before GC invocations=12 (full 0):
 garbage-first heap   total 51200K, used 40009K [0x0000000084200000, 0x0000000100000000)
  region size 1024K, 19 young (19456K), 2 survivors (2048K)
 Metaspace       used 54582K, committed 55104K, reserved 1097728K
  class space    used 7381K, committed 7616K, reserved 1048576K
}
Event: 7.003 GC heap after
{Heap after GC invocations=13 (full 0):
 garbage-first heap   total 51200K, used 24494K [0x0000000084200000, 0x0000000100000000)
  region size 1024K, 2 young (2048K), 2 survivors (2048K)
 Metaspace       used 54582K, committed 55104K, reserved 1097728K
  class space    used 7381K, committed 7616K, reserved 1048576K
}
Event: 7.356 GC heap before
{Heap before GC invocations=13 (full 0):
 garbage-first heap   total 51200K, used 40878K [0x0000000084200000, 0x0000000100000000)
  region size 1024K, 18 young (18432K), 2 survivors (2048K)
 Metaspace       used 57906K, committed 58432K, reserved 1105920K
  class space    used 7843K, committed 8064K, reserved 1048576K
}
Event: 7.360 GC heap after
{Heap after GC invocations=14 (full 0):
 garbage-first heap   total 51200K, used 25843K [0x0000000084200000, 0x0000000100000000)
  region size 1024K, 3 young (3072K), 3 survivors (3072K)
 Metaspace       used 57906K, committed 58432K, reserved 1105920K
  class space    used 7843K, committed 8064K, reserved 1048576K
}
Event: 7.766 GC heap before
{Heap before GC invocations=15 (full 0):
 garbage-first heap   total 51200K, used 41203K [0x0000000084200000, 0x0000000100000000)
  region size 1024K, 18 young (18432K), 3 survivors (3072K)
 Metaspace       used 59412K, committed 59968K, reserved 1105920K
  class space    used 8128K, committed 8384K, reserved 1048576K
}
Event: 7.771 GC heap after
{Heap after GC invocations=16 (full 0):
 garbage-first heap   total 51200K, used 27348K [0x0000000084200000, 0x0000000100000000)
  region size 1024K, 3 young (3072K), 3 survivors (3072K)
 Metaspace       used 59412K, committed 59968K, reserved 1105920K
  class space    used 8128K, committed 8384K, reserved 1048576K
}
Event: 8.046 GC heap before
{Heap before GC invocations=16 (full 0):
 garbage-first heap   total 51200K, used 41684K [0x0000000084200000, 0x0000000100000000)
  region size 1024K, 17 young (17408K), 3 survivors (3072K)
 Metaspace       used 61153K, committed 61760K, reserved 1105920K
  class space    used 8375K, committed 8640K, reserved 1048576K
}
Event: 8.051 GC heap after
{Heap after GC invocations=17 (full 0):
 garbage-first heap   total 61440K, used 28658K [0x0000000084200000, 0x0000000100000000)
  region size 1024K, 3 young (3072K), 3 survivors (3072K)
 Metaspace       used 61153K, committed 61760K, reserved 1105920K
  class space    used 8375K, committed 8640K, reserved 1048576K
}

