# JRE version: OpenJDK Runtime Environment Temurin-17.0.11+9 (17.0.11+9) (build 17.0.11+9)
# Java VM: OpenJDK 64-Bit Server VM Temurin-17.0.11+9 (17.0.11+9, mixed mode, emulated-client, tiered, compressed oops, compressed class ptrs, g1 gc, windows-amd64)
GC Precious Log:
 CPUs: 8 total, 8 available
 Memory: 7926M
 Large Page Support: Disabled
 NUMA Support: Disabled
 Compressed Oops: Enabled (32-bit)
 Heap Region Size: 1M
 Heap Min Capacity: 8M
 Heap Initial Capacity: 124M
 Heap Max Capacity: 1G
 Pre-touch: Disabled
 Parallel Workers: 8
 Concurrent Workers: 2
 Concurrent Refinement Workers: 8
 Periodic GC: Disabled
Heap:
 garbage-first heap   total 122880K, used 37340K [0x00000000c0000000, 0x0000000100000000)
  region size 1024K, 1 young (1024K), 0 survivors (0K)
 Metaspace       used 60346K, committed 60800K, reserved 1114112K
  class space    used 7544K, committed 7744K, reserved 1048576K
GC Heap History (20 events):
Event: 2399.025 GC heap before
{Heap before GC invocations=148 (full 80):
 garbage-first heap   total 122880K, used 37343K [0x00000000c0000000, 0x0000000100000000)
  region size 1024K, 1 young (1024K), 0 survivors (0K)
 Metaspace       used 60346K, committed 60800K, reserved 1114112K
  class space    used 7544K, committed 7744K, reserved 1048576K
}
Event: 2399.117 GC heap after
{Heap after GC invocations=149 (full 81):
 garbage-first heap   total 122880K, used 37343K [0x00000000c0000000, 0x0000000100000000)
  region size 1024K, 0 young (0K), 0 survivors (0K)
 Metaspace       used 60346K, committed 60800K, reserved 1114112K
  class space    used 7544K, committed 7744K, reserved 1048576K
}
Event: 2409.463 GC heap before
{Heap before GC invocations=149 (full 81):
 garbage-first heap   total 122880K, used 37343K [0x00000000c0000000, 0x0000000100000000)
  region size 1024K, 1 young (1024K), 0 survivors (0K)
 Metaspace       used 60346K, committed 60800K, reserved 1114112K
  class space    used 7544K, committed 7744K, reserved 1048576K
}
Event: 2409.558 GC heap after
{Heap after GC invocations=150 (full 82):
 garbage-first heap   total 122880K, used 37343K [0x00000000c0000000, 0x0000000100000000)
  region size 1024K, 0 young (0K), 0 survivors (0K)
 Metaspace       used 60346K, committed 60800K, reserved 1114112K
  class space    used 7544K, committed 7744K, reserved 1048576K
}
Event: 2419.935 GC heap before
{Heap before GC invocations=150 (full 82):
 garbage-first heap   total 122880K, used 37343K [0x00000000c0000000, 0x0000000100000000)
  region size 1024K, 1 young (1024K), 0 survivors (0K)
 Metaspace       used 60346K, committed 60800K, reserved 1114112K
  class space    used 7544K, committed 7744K, reserved 1048576K
}
Event: 2420.012 GC heap after
{Heap after GC invocations=151 (full 83):
 garbage-first heap   total 122880K, used 37342K [0x00000000c0000000, 0x0000000100000000)
  region size 1024K, 0 young (0K), 0 survivors (0K)
 Metaspace       used 60346K, committed 60800K, reserved 1114112K
  class space    used 7544K, committed 7744K, reserved 1048576K
}
Event: 2430.387 GC heap before
{Heap before GC invocations=151 (full 83):
 garbage-first heap   total 122880K, used 37342K [0x00000000c0000000, 0x0000000100000000)
  region size 1024K, 1 young (1024K), 0 survivors (0K)
 Metaspace       used 60346K, committed 60800K, reserved 1114112K
  class space    used 7544K, committed 7744K, reserved 1048576K
}
Event: 2430.478 GC heap after
{Heap after GC invocations=152 (full 84):
 garbage-first heap   total 122880K, used 37342K [0x00000000c0000000, 0x0000000100000000)
  region size 1024K, 0 young (0K), 0 survivors (0K)
 Metaspace       used 60346K, committed 60800K, reserved 1114112K
  class space    used 7544K, committed 7744K, reserved 1048576K
}
Event: 2440.846 GC heap before
{Heap before GC invocations=152 (full 84):
 garbage-first heap   total 122880K, used 37342K [0x00000000c0000000, 0x0000000100000000)
  region size 1024K, 1 young (1024K), 0 survivors (0K)
 Metaspace       used 60346K, committed 60800K, reserved 1114112K
  class space    used 7544K, committed 7744K, reserved 1048576K
}
Event: 2440.917 GC heap after
{Heap after GC invocations=153 (full 85):
 garbage-first heap   total 122880K, used 37342K [0x00000000c0000000, 0x0000000100000000)
  region size 1024K, 0 young (0K), 0 survivors (0K)
 Metaspace       used 60346K, committed 60800K, reserved 1114112K
  class space    used 7544K, committed 7744K, reserved 1048576K
}
Event: 2451.286 GC heap before
{Heap before GC invocations=153 (full 85):
 garbage-first heap   total 122880K, used 37342K [0x00000000c0000000, 0x0000000100000000)
  region size 1024K, 1 young (1024K), 0 survivors (0K)
 Metaspace       used 60346K, committed 60800K, reserved 1114112K
  class space    used 7544K, committed 7744K, reserved 1048576K
}
Event: 2451.356 GC heap after
{Heap after GC invocations=154 (full 86):
 garbage-first heap   total 122880K, used 37342K [0x00000000c0000000, 0x0000000100000000)
  region size 1024K, 0 young (0K), 0 survivors (0K)
 Metaspace       used 60346K, committed 60800K, reserved 1114112K
  class space    used 7544K, committed 7744K, reserved 1048576K
}
Event: 2461.664 GC heap before
{Heap before GC invocations=154 (full 86):
 garbage-first heap   total 122880K, used 37342K [0x00000000c0000000, 0x0000000100000000)
  region size 1024K, 1 young (1024K), 0 survivors (0K)
 Metaspace       used 60346K, committed 60800K, reserved 1114112K
  class space    used 7544K, committed 7744K, reserved 1048576K
}
Event: 2461.718 GC heap after
{Heap after GC invocations=155 (full 87):
 garbage-first heap   total 122880K, used 37342K [0x00000000c0000000, 0x0000000100000000)
  region size 1024K, 0 young (0K), 0 survivors (0K)
 Metaspace       used 60346K, committed 60800K, reserved 1114112K
  class space    used 7544K, committed 7744K, reserved 1048576K
}
Event: 2472.052 GC heap before
{Heap before GC invocations=155 (full 87):
 garbage-first heap   total 122880K, used 37342K [0x00000000c0000000, 0x0000000100000000)
  region size 1024K, 1 young (1024K), 0 survivors (0K)
 Metaspace       used 60346K, committed 60800K, reserved 1114112K
  class space    used 7544K, committed 7744K, reserved 1048576K
}
Event: 2472.144 GC heap after
{Heap after GC invocations=156 (full 88):
 garbage-first heap   total 122880K, used 37342K [0x00000000c0000000, 0x0000000100000000)
  region size 1024K, 0 young (0K), 0 survivors (0K)
 Metaspace       used 60346K, committed 60800K, reserved 1114112K
  class space    used 7544K, committed 7744K, reserved 1048576K
}
Event: 2482.482 GC heap before
{Heap before GC invocations=156 (full 88):
 garbage-first heap   total 122880K, used 37342K [0x00000000c0000000, 0x0000000100000000)
  region size 1024K, 1 young (1024K), 0 survivors (0K)
 Metaspace       used 60346K, committed 60800K, reserved 1114112K
  class space    used 7544K, committed 7744K, reserved 1048576K
}
Event: 2482.554 GC heap after
{Heap after GC invocations=157 (full 89):
 garbage-first heap   total 122880K, used 37340K [0x00000000c0000000, 0x0000000100000000)
  region size 1024K, 0 young (0K), 0 survivors (0K)
 Metaspace       used 60346K, committed 60800K, reserved 1114112K
  class space    used 7544K, committed 7744K, reserved 1048576K
}
Event: 2492.906 GC heap before
{Heap before GC invocations=157 (full 89):
 garbage-first heap   total 122880K, used 37340K [0x00000000c0000000, 0x0000000100000000)
  region size 1024K, 1 young (1024K), 0 survivors (0K)
 Metaspace       used 60346K, committed 60800K, reserved 1114112K
  class space    used 7544K, committed 7744K, reserved 1048576K
}
Event: 2492.977 GC heap after
{Heap after GC invocations=158 (full 90):
 garbage-first heap   total 122880K, used 37340K [0x00000000c0000000, 0x0000000100000000)
  region size 1024K, 0 young (0K), 0 survivors (0K)
 Metaspace       used 60346K, committed 60800K, reserved 1114112K
  class space    used 7544K, committed 7744K, reserved 1048576K
}

